2375.84978870703162101563
17 13 18 73 78 133 138 193 253 198 139 199 258 313 318 373 378 379 
12 19 20 79 259 319 380 320 260 200 140 80 7 
5 67 187 247 307 367 
12 25 84 85 145 204 127 205 264 265 325 385 384 
17 14 74 23 24 83 134 143 144 324 383 374 323 314 263 254 203 194 
5 182 302 362 242 122 
14 21 2 26 81 62 141 146 201 261 321 381 386 266 206 
13 86 27 28 87 147 326 387 388 328 327 267 207 88 
7 8 148 128 208 268 308 368 
10 68 188 248 393 333 273 213 153 93 33 
13 32 91 92 151 152 211 212 271 272 331 332 392 391 
11 22 31 82 63 142 123 202 262 322 382 243 
8 3 149 209 183 329 303 363 389 
15 29 89 34 35 94 154 214 269 274 334 394 395 335 155 95 
11 36 96 156 215 129 216 275 276 336 396 369 
5 69 309 249 189 9 
13 40 41 100 101 161 221 281 341 401 400 340 280 220 
16 30 39 99 159 160 279 339 399 390 330 270 219 210 150 90 4 
5 64 124 304 244 184 
16 37 42 97 102 157 162 217 222 277 282 337 364 402 397 342 223 
13 43 44 103 104 163 283 343 403 404 344 284 224 164 
6 1 10 190 250 310 70 
11 49 109 169 228 130 229 289 370 409 349 288 
15 38 98 47 48 107 108 167 168 348 408 407 347 287 227 278 
8 158 218 185 338 398 365 305 245 
11 45 5 65 125 405 345 285 225 165 105 50 
13 51 110 170 230 290 350 410 411 351 291 231 171 111 
10 52 112 172 232 292 352 412 371 131 11 
8 71 191 251 311 297 237 177 117 
13 115 56 57 116 176 236 357 417 416 356 296 235 175 
13 46 55 106 66 166 226 286 295 355 415 406 346 246 
5 186 366 306 126 6 
17 53 113 58 59 118 173 178 233 238 293 298 353 358 413 418 359 179 
12 60 119 120 180 239 299 419 420 360 300 240 132 
5 72 312 372 252 192 
12 17 12 77 137 197 257 317 377 316 256 76 16 
17 54 15 114 75 174 135 136 196 376 375 414 315 354 255 294 195 234 
5 421 121 301 361 241 
2 61 181 
0 
0 
